<?xml version="1.0" encoding="UTF-8"?>
<robot generator="Robot 4.1.3 (Python 3.7.3 on win32)" generated="20220305 12:48:20.205" rpa="false" schemaversion="2">
<suite id="s1" name="Availability" source="P:\Python\Test\Test_RobotFramework\TestCases\Availability.robot">
<test id="s1-t1" name="Test Availability">
<kw name="Run Keywords" library="BuiltIn" type="SETUP">
<arg>Open Page</arg>
<arg>Valid Login</arg>
<doc>Executes all the given keywords in a sequence.</doc>
<kw name="Open Page" library="CommonFunctionality">
<kw name="Set Selenium Speed" library="SeleniumLibrary">
<arg>${SPEED}</arg>
<doc>Sets the delay that is waited after each Selenium command.</doc>
<status status="PASS" starttime="20220305 12:48:20.464" endtime="20220305 12:48:20.464"/>
</kw>
<kw name="Set Selenium Timeout" library="SeleniumLibrary">
<arg>${TIMEOUT}</arg>
<doc>Sets the timeout that is used by various keywords.</doc>
<status status="PASS" starttime="20220305 12:48:20.465" endtime="20220305 12:48:20.465"/>
</kw>
<kw name="Set Selenium Implicit Wait" library="SeleniumLibrary">
<arg>${IMPLICIT_WAIT}</arg>
<doc>Sets the implicit wait value used by Selenium.</doc>
<status status="PASS" starttime="20220305 12:48:20.465" endtime="20220305 12:48:20.465"/>
</kw>
<kw name="Open Browser" library="SeleniumLibrary">
<arg>${DOMAIN}</arg>
<arg>${BROWSER}</arg>
<doc>Opens a new browser instance to the optional ``url``.</doc>
<msg timestamp="20220305 12:48:20.466" level="INFO">Opening browser 'chrome' to base url 'https://digikala.com/'.</msg>
<status status="PASS" starttime="20220305 12:48:20.465" endtime="20220305 12:49:23.283"/>
</kw>
<kw name="Maximize Browser Window" library="SeleniumLibrary">
<doc>Maximizes current browser window.</doc>
<status status="PASS" starttime="20220305 12:49:23.283" endtime="20220305 12:49:23.507"/>
</kw>
<status status="PASS" starttime="20220305 12:48:20.464" endtime="20220305 12:49:23.508"/>
</kw>
<kw name="Valid Login" library="CommonFunctionality">
<kw name="Login" library="Login">
<kw name="Click To Login Button" library="Header">
<kw name="Wait Until Page Contains Element" library="SeleniumLibrary">
<arg>${login_button}</arg>
<doc>Waits until the element ``locator`` appears on the current page.</doc>
<status status="PASS" starttime="20220305 12:49:23.514" endtime="20220305 12:49:24.019"/>
</kw>
<kw name="Click Link" library="SeleniumLibrary">
<arg>${login_button}</arg>
<doc>Clicks a link identified by ``locator``.</doc>
<msg timestamp="20220305 12:49:24.020" level="INFO">Clicking link 'Partial Link:ورود'.</msg>
<status status="PASS" starttime="20220305 12:49:24.020" endtime="20220305 12:49:24.660"/>
</kw>
<status status="PASS" starttime="20220305 12:49:23.513" endtime="20220305 12:49:24.660"/>
</kw>
<kw name="Wait Until Page Contains Element" library="SeleniumLibrary">
<arg>${username_input}</arg>
<doc>Waits until the element ``locator`` appears on the current page.</doc>
<status status="PASS" starttime="20220305 12:49:24.660" endtime="20220305 12:49:24.674"/>
</kw>
<kw name="Input Text" library="SeleniumLibrary">
<arg>${username_input}</arg>
<arg>${USERNAME}</arg>
<doc>Types the given ``text`` into the text field identified by ``locator``.</doc>
<msg timestamp="20220305 12:49:24.677" level="INFO">Typing text '09194731285' into text field 'xpath://input[@name="username"]'.</msg>
<status status="PASS" starttime="20220305 12:49:24.674" endtime="20220305 12:49:24.781"/>
</kw>
<kw name="Click Element" library="SeleniumLibrary">
<arg>${submit}</arg>
<doc>Click the element identified by ``locator``.</doc>
<msg timestamp="20220305 12:49:24.782" level="INFO">Clicking element 'xpath://button[@type="submit"]'.</msg>
<status status="PASS" starttime="20220305 12:49:24.781" endtime="20220305 12:49:24.856"/>
</kw>
<kw name="Wait Until Page Contains Element" library="SeleniumLibrary">
<arg>${password_input}</arg>
<doc>Waits until the element ``locator`` appears on the current page.</doc>
<msg timestamp="20220305 12:49:35.739" level="WARN">Keyword 'Capture Page Screenshot' could not be run on failure: Message: no such window: target window already closed
from unknown error: web view not found
  (Session info: chrome=98.0.4758.102)
Stacktrace:
Backtrace:
	Ordinal0 [0x00FB7AC3+2587331]
	Ordinal0 [0x00F4ADD1+2141649]
	Ordinal0 [0x00E43BB8+1063864]
	Ordinal0 [0x00E2C5D0+968144]
	Ordinal0 [0x00E8AE49+1355337]
	Ordinal0 [0x00E98192+1409426]
	Ordinal0 [0x00E884A6+1344678]
	Ordinal0 [0x00E653F6+1201142]
	Ordinal0 [0x00E662E6+1204966]
	GetHandleVerifier [0x0115DF22+1680738]
	GetHandleVerifier [0x01210DBC+2413564]
	GetHandleVerifier [0x0104D151+563089]
	GetHandleVerifier [0x0104BF13+558419]
	Ordinal0 [0x00F5081E+2164766]
	Ordinal0 [0x00F55508+2184456]
	Ordinal0 [0x00F55650+2184784]
	Ordinal0 [0x00F5F5BC+2225596]
	BaseThreadInitThunk [0x7525FA29+25]
	RtlGetAppContainerNamedObjectPath [0x771E7A9E+286]
	RtlGetAppContainerNamedObjectPath [0x771E7A6E+238]
</msg>
<msg timestamp="20220305 12:49:35.744" level="FAIL">NoSuchWindowException: Message: no such window: target window already closed
from unknown error: web view not found
  (Session info: chrome=98.0.4758.102)
Stacktrace:
Backtrace:
	Ordinal0 [0x00FB7AC3+2587331]
	Ordinal0 [0x00F4ADD1+2141649]
	Ordinal0 [0x00E43BB8+1063864]
	Ordinal0 [0x00E2C5D0+968144]
	Ordinal0 [0x00E8AE49+1355337]
	Ordinal0 [0x00E98192+1409426]
	Ordinal0 [0x00E884A6+1344678]
	Ordinal0 [0x00E653F6+1201142]
	Ordinal0 [0x00E662E6+1204966]
	GetHandleVerifier [0x0115DF22+1680738]
	GetHandleVerifier [0x01210DBC+2413564]
	GetHandleVerifier [0x0104D151+563089]
	GetHandleVerifier [0x0104BF13+558419]
	Ordinal0 [0x00F5081E+2164766]
	Ordinal0 [0x00F55508+2184456]
	Ordinal0 [0x00F55650+2184784]
	Ordinal0 [0x00F5F5BC+2225596]
	BaseThreadInitThunk [0x7525FA29+25]
	RtlGetAppContainerNamedObjectPath [0x771E7A9E+286]
	RtlGetAppContainerNamedObjectPath [0x771E7A6E+238]
</msg>
<status status="FAIL" starttime="20220305 12:49:24.856" endtime="20220305 12:49:35.744"/>
</kw>
<kw name="Input Text" library="SeleniumLibrary">
<arg>${password_input}</arg>
<arg>${PASSWORD}</arg>
<doc>Types the given ``text`` into the text field identified by ``locator``.</doc>
<status status="NOT RUN" starttime="20220305 12:49:35.744" endtime="20220305 12:49:35.744"/>
</kw>
<kw name="Click Element" library="SeleniumLibrary">
<arg>${submit}</arg>
<doc>Click the element identified by ``locator``.</doc>
<status status="NOT RUN" starttime="20220305 12:49:35.744" endtime="20220305 12:49:35.744"/>
</kw>
<status status="FAIL" starttime="20220305 12:49:23.510" endtime="20220305 12:49:35.745"/>
</kw>
<kw name="Check Valid Login" library="Login">
<status status="NOT RUN" starttime="20220305 12:49:35.745" endtime="20220305 12:49:35.745"/>
</kw>
<status status="FAIL" starttime="20220305 12:49:23.508" endtime="20220305 12:49:35.746"/>
</kw>
<status status="FAIL" starttime="20220305 12:48:20.464" endtime="20220305 12:49:35.746"/>
</kw>
<kw name="Close Page" library="CommonFunctionality" type="TEARDOWN">
<kw name="Close Browser" library="SeleniumLibrary">
<doc>Closes the current browser.</doc>
<status status="PASS" starttime="20220305 12:49:35.747" endtime="20220305 12:49:37.813"/>
</kw>
<status status="PASS" starttime="20220305 12:49:35.747" endtime="20220305 12:49:37.813"/>
</kw>
<tag>Availability</tag>
<status status="FAIL" starttime="20220305 12:48:20.463" endtime="20220305 12:49:37.814">Setup failed:
NoSuchWindowException: Message: no such window: target window already closed
from unknown error: web view not found
  (Session info: chrome=98.0.4758.102)
Stacktrace:
Backtrace:
	Ordinal0 [0x00FB7AC3+2587331]
	Ordinal0 [0x00F4ADD1+2141649]
	Ordinal0 [0x00E43BB8+1063864]
	Ordinal0 [0x00E2C5D0+968144]
	Ordinal0 [0x00E8AE49+1355337]
	Ordinal0 [0x00E98192+1409426]
	Ordinal0 [0x00E884A6+1344678]
	Ordinal0 [0x00E653F6+1201142]
	Ordinal0 [0x00E662E6+1204966]
	GetHandleVerifier [0x0115DF22+1680738]
	GetHandleVerifier [0x01210DBC+2413564]
	GetHandleVerifier [0x0104D151+563089]
	GetHandleVerifier [0x0104BF13+558419]
	Ordinal0 [0x00F5081E+2164766]
	Ordinal0 [0x00F55508+2184456]
	Ordinal0 [0x00F55650+2184784]
	Ordinal0 [0x00F5F5BC+2225596]
	BaseThreadInitThunk [0x7525FA29+25]
	RtlGetAppContainerNamedObjectPath [0x771E7A9E+286]
	RtlGetAppContainerNamedObjectPath [0x771E7A6E+238]
</status>
</test>
<doc>Check Availability For A Product</doc>
<status status="FAIL" starttime="20220305 12:48:20.207" endtime="20220305 12:49:37.816"/>
</suite>
<statistics>
<total>
<stat pass="0" fail="1" skip="0">All Tests</stat>
</total>
<tag>
<stat pass="0" fail="1" skip="0">Availability</stat>
</tag>
<suite>
<stat pass="0" fail="1" skip="0" id="s1" name="Availability">Availability</stat>
</suite>
</statistics>
<errors>
<msg timestamp="20220305 12:49:35.739" level="WARN">Keyword 'Capture Page Screenshot' could not be run on failure: Message: no such window: target window already closed
from unknown error: web view not found
  (Session info: chrome=98.0.4758.102)
Stacktrace:
Backtrace:
	Ordinal0 [0x00FB7AC3+2587331]
	Ordinal0 [0x00F4ADD1+2141649]
	Ordinal0 [0x00E43BB8+1063864]
	Ordinal0 [0x00E2C5D0+968144]
	Ordinal0 [0x00E8AE49+1355337]
	Ordinal0 [0x00E98192+1409426]
	Ordinal0 [0x00E884A6+1344678]
	Ordinal0 [0x00E653F6+1201142]
	Ordinal0 [0x00E662E6+1204966]
	GetHandleVerifier [0x0115DF22+1680738]
	GetHandleVerifier [0x01210DBC+2413564]
	GetHandleVerifier [0x0104D151+563089]
	GetHandleVerifier [0x0104BF13+558419]
	Ordinal0 [0x00F5081E+2164766]
	Ordinal0 [0x00F55508+2184456]
	Ordinal0 [0x00F55650+2184784]
	Ordinal0 [0x00F5F5BC+2225596]
	BaseThreadInitThunk [0x7525FA29+25]
	RtlGetAppContainerNamedObjectPath [0x771E7A9E+286]
	RtlGetAppContainerNamedObjectPath [0x771E7A6E+238]
</msg>
</errors>
</robot>
